1774616928761	geckodriver	INFO	Listening on 127.0.0.1:8940
1774616931867	mozrunner::runner	INFO	Running command: "C:\\Program Files\\Mozilla Firefox\\firefox.exe" "--marionette" "--remote-debugging-port" "8941" "--remote-allow-hosts" "localhost" "-no-remote" "-profile" "C:\\Users\\Gergo\\AppData\\Local\\Temp\\rust_mozprofileDaIHtF"
Dynamically enable window occlusion 0
1774616932175	Marionette	INFO	Marionette enabled
1774616932248	Marionette	INFO	Listening on port 8955
WebDriver BiDi listening on ws://127.0.0.1:8941
Read port: 8955
1774616932329	RemoteAgent	WARN	TLS certificate errors will be ignored for this session
console.error: "Experiment visual-card-updates has unknown featureId: newtabRefinedCardsLayout"
console.warn: LoginRecipes: "Falling back to a synchronous message for: https://parking-garage-app.netlify.app."
console.warn: LoginRecipes: "Falling back to a synchronous message for: https://parking-garage-app.netlify.app."
JavaScript error: resource:///modules/sessionstore/SessionStore.sys.mjs, line 2922: NotFoundError: No such JSProcessActor 'DevToolsProcess'
JavaScript error: resource:///modules/sessionstore/SessionStore.sys.mjs, line 2922: NotFoundError: No such JSProcessActor 'DevToolsProcess'
JavaScript error: resource:///modules/sessionstore/SessionStore.sys.mjs, line 2922: NotFoundError: No such JSProcessActor 'DevToolsProcess'
1774617297251	Marionette	INFO	Stopped listening on port 8955
JavaScript error: resource://gre/modules/PrivateBrowsingUtils.sys.mjs, line 19: TypeError: can't access property "isChromeWindow", aWindow is null
Dynamically enable window occlusion 1
console.warn: TopSitesFeed: Failed to fetch data from MARS server: NetworkError when attempting to fetch resource.
console.error: "Error in worker resource://devtools/client/shared/source-map-loader/worker.js" ": "
JavaScript error: resource://gre/modules/Sqlite.sys.mjs, line 1128: Error: Connection is not open.
