1774617247699	geckodriver	INFO	Listening on 127.0.0.1:59168
1774617250810	mozrunner::runner	INFO	Running command: "C:\\Program Files\\Mozilla Firefox\\firefox.exe" "--marionette" "--remote-debugging-port" "59169" "--remote-allow-hosts" "localhost" "-no-remote" "-profile" "C:\\Users\\Gergo\\AppData\\Local\\Temp\\rust_mozprofileVvhpl5"
Dynamically enable window occlusion 0
1774617251119	Marionette	INFO	Marionette enabled
1774617251197	Marionette	INFO	Listening on port 21524
WebDriver BiDi listening on ws://127.0.0.1:59169
Read port: 21524
1774617251287	RemoteAgent	WARN	TLS certificate errors will be ignored for this session
console.error: "Experiment visual-card-updates has unknown featureId: newtabRefinedCardsLayout"
console.warn: LoginRecipes: "Falling back to a synchronous message for: https://parking-garage-app.netlify.app."
console.warn: LoginRecipes: "Falling back to a synchronous message for: https://parking-garage-app.netlify.app."
JavaScript error: resource:///modules/sessionstore/SessionStore.sys.mjs, line 2922: NotFoundError: No such JSProcessActor 'DevToolsProcess'
JavaScript error: resource:///modules/sessionstore/SessionStore.sys.mjs, line 2922: NotFoundError: No such JSProcessActor 'DevToolsProcess'
JavaScript error: resource:///modules/sessionstore/SessionStore.sys.mjs, line 2922: NotFoundError: No such JSProcessActor 'DevToolsProcess'
1774617298334	Marionette	INFO	Stopped listening on port 21524
JavaScript error: resource://gre/modules/PrivateBrowsingUtils.sys.mjs, line 19: TypeError: can't access property "isChromeWindow", aWindow is null
Dynamically enable window occlusion 1
console.warn: TopSitesFeed: Failed to fetch data from MARS server: NetworkError when attempting to fetch resource.
console.error: "Error in worker resource://devtools/client/shared/source-map-loader/worker.js" ": "
JavaScript error: resource://gre/modules/Sqlite.sys.mjs, line 1128: Error: Connection is not open.
